<?xml version="1.0" encoding="UTF-8"?>
<!-- Generated by org.testng.reporters.JUnitReportReporter -->
<testsuite hostname="DESKTOP-CQ5Q84P" failures="0" tests="1" name="testcases.TC_005_billingaddrees" time="93.478" errors="0" timestamp="2024-06-22T15:42:53 IST" skipped="0">
  <testcase classname="testcases.TC_005_billingaddrees" name="bill" time="93.478"/>
</testsuite> <!-- testcases.TC_005_billingaddrees -->
