<?xml version="1.0" encoding="UTF-8"?>
<!-- Generated by org.testng.reporters.JUnitReportReporter -->
<testsuite hostname="DESKTOP-CQ5Q84P" failures="0" tests="1" name="testcases.TC_002_accountcreation" time="2.646" errors="0" timestamp="2024-06-22T15:42:53 IST" skipped="0">
  <testcase classname="testcases.TC_002_accountcreation" name="verifyfirstname" time="2.646"/>
</testsuite> <!-- testcases.TC_002_accountcreation -->
