<?xml version="1.0" encoding="UTF-8"?>
<!-- Generated by org.testng.reporters.JUnitReportReporter -->
<testsuite hostname="DESKTOP-CQ5Q84P" failures="0" tests="1" name="testcases.TC_002_sigin" time="3.091" errors="0" timestamp="2024-06-24T23:02:21 IST" skipped="0">
  <testcase classname="testcases.TC_002_sigin" name="sigging" time="3.091"/>
</testsuite> <!-- testcases.TC_002_sigin -->
